
> @workspace/dashboard@0.0.0 dev
> PORT=5173 BASE_PATH=/ vite --config vite.config.ts --host 0.0.0.0

(node:21956) [DEP0205] DeprecationWarning: `module.register()` is deprecated. Use `module.registerHooks()` instead.
(Use `node --trace-deprecation ...` to show where the warning was created)

  VITE v7.3.3  ready in 170 ms

  ➜  Local:   http://localhost:5173/
  ➜  Network: http://192.168.2.228:5173/
Sending Request to the Target: GET apicrm.apicrmatoz.online/api/v1/members?take=50&skip=0
Received Response from the Target: 502 /api/v1/members?take=50&skip=0
Sending Request to the Target: GET apicrm.apicrmatoz.online/api/v1/members?take=50&skip=0
Sending Request to the Target: GET apicrm.apicrmatoz.online/api/v1/outlets
Sending Request to the Target: GET apicrm.apicrmatoz.online/api/v1/categories
Received Response from the Target: 502 /api/v1/members?take=50&skip=0
Received Response from the Target: 502 /api/v1/outlets
Received Response from the Target: 502 /api/v1/categories
[RUNTIME_ERROR]{"type":"runtime-error","timestamp":1780911155014,"name":"Error","message":"undefined is not an object (evaluating 'categories.map')","stack":""}
Sending Request to the Target: GET apicrm.apicrmatoz.online/api/v1/members?take=50&skip=0
Sending Request to the Target: GET apicrm.apicrmatoz.online/api/v1/outlets
Sending Request to the Target: GET apicrm.apicrmatoz.online/api/v1/categories
Received Response from the Target: 200 /api/v1/outlets
Received Response from the Target: 200 /api/v1/members?take=50&skip=0
Received Response from the Target: 200 /api/v1/categories
[RUNTIME_ERROR]{"type":"runtime-error","timestamp":1780912980950,"name":"Error","message":"rawCategories.map is not a function. (In 'rawCategories.map((c) => [c.code, c])', 'rawCategories.map' is undefined)","stack":""}
5:04:04 PM [vite] (client) hmr update /src/index.css, /src/pages/crm/detail.tsx, /src/pages/crm/index.tsx
Sending Request to the Target: GET apicrm.apicrmatoz.online/api/v1/members?take=50&skip=0
Sending Request to the Target: GET apicrm.apicrmatoz.online/api/v1/outlets
Sending Request to the Target: GET apicrm.apicrmatoz.online/api/v1/categories
Received Response from the Target: 200 /api/v1/members?take=50&skip=0
Received Response from the Target: 200 /api/v1/categories
Received Response from the Target: 200 /api/v1/outlets
5:04:22 PM [vite] (client) hmr update /src/pages/crm/index.tsx, /src/index.css
Sending Request to the Target: GET apicrm.apicrmatoz.online/api/v1/members?take=50&skip=0
Received Response from the Target: 200 /api/v1/members?take=50&skip=0
Sending Request to the Target: GET apicrm.apicrmatoz.online/api/v1/members?category=ALKOHOL&take=50&skip=0
Received Response from the Target: 200 /api/v1/members?category=ALKOHOL&take=50&skip=0
Sending Request to the Target: GET apicrm.apicrmatoz.online/api/v1/members?category=CIGARETTE&take=50&skip=0
Received Response from the Target: 200 /api/v1/members?category=CIGARETTE&take=50&skip=0
Sending Request to the Target: GET apicrm.apicrmatoz.online/api/v1/members?category=ALKOHOL&take=50&skip=0
Received Response from the Target: 200 /api/v1/members?category=ALKOHOL&take=50&skip=0
Sending Request to the Target: POST apicrm.apicrmatoz.online/api/v1/members
Received Response from the Target: 500 /api/v1/members
Sending Request to the Target: GET apicrm.apicrmatoz.online/api/v1/members?take=1
Received Response from the Target: 401 /api/v1/members?take=1
5:13:43 PM [vite] (client) hmr update /src/pages/crm/index.tsx, /src/index.css
Sending Request to the Target: GET apicrm.apicrmatoz.online/api/v1/members?category=ALKOHOL&take=50&skip=0
Sending Request to the Target: GET apicrm.apicrmatoz.online/api/v1/members?category=ALKOHOL&take=100000&skip=0
Received Response from the Target: 200 /api/v1/members?category=ALKOHOL&take=50&skip=0
Received Response from the Target: 422 /api/v1/members?category=ALKOHOL&take=100000&skip=0
5:13:55 PM [vite] (client) hmr update /src/pages/crm/index.tsx, /src/index.css
Sending Request to the Target: GET apicrm.apicrmatoz.online/api/v1/members?category=ALKOHOL&take=100000&skip=0
Received Response from the Target: 422 /api/v1/members?category=ALKOHOL&take=100000&skip=0
5:14:07 PM [vite] (client) hmr update /src/index.css, /src/pages/crm/detail.tsx, /src/pages/crm/index.tsx
Sending Request to the Target: GET apicrm.apicrmatoz.online/api/v1/members?category=ALKOHOL&take=100000&skip=0
Received Response from the Target: 422 /api/v1/members?category=ALKOHOL&take=100000&skip=0
Sending Request to the Target: GET apicrm.apicrmatoz.online/api/v1/members?take=100000&skip=0
Sending Request to the Target: GET apicrm.apicrmatoz.online/api/v1/outlets
Sending Request to the Target: GET apicrm.apicrmatoz.online/api/v1/categories
Received Response from the Target: 200 /api/v1/categories
Received Response from the Target: 200 /api/v1/outlets
Received Response from the Target: 422 /api/v1/members?take=100000&skip=0
Sending Request to the Target: GET apicrm.apicrmatoz.online/api/v1/members?take=100000&skip=0
Sending Request to the Target: GET apicrm.apicrmatoz.online/api/v1/outlets
Sending Request to the Target: GET apicrm.apicrmatoz.online/api/v1/categories
Received Response from the Target: 200 /api/v1/categories
Received Response from the Target: 200 /api/v1/outlets
Received Response from the Target: 422 /api/v1/members?take=100000&skip=0
Sending Request to the Target: GET apicrm.apicrmatoz.online/api/v1/members?take=100000&skip=0
Sending Request to the Target: GET apicrm.apicrmatoz.online/api/v1/outlets
Sending Request to the Target: GET apicrm.apicrmatoz.online/api/v1/categories
Received Response from the Target: 200 /api/v1/categories
Received Response from the Target: 200 /api/v1/outlets
Received Response from the Target: 422 /api/v1/members?take=100000&skip=0
Sending Request to the Target: GET apicrm.apicrmatoz.online/api/v1/members?take=100000&skip=0
Sending Request to the Target: GET apicrm.apicrmatoz.online/api/v1/outlets
Sending Request to the Target: GET apicrm.apicrmatoz.online/api/v1/categories
Received Response from the Target: 422 /api/v1/members?take=100000&skip=0
Received Response from the Target: 200 /api/v1/categories
Received Response from the Target: 200 /api/v1/outlets
Sending Request to the Target: GET apicrm.apicrmatoz.online/api/v1/members?take=100000&skip=0
Sending Request to the Target: GET apicrm.apicrmatoz.online/api/v1/outlets
Sending Request to the Target: GET apicrm.apicrmatoz.online/api/v1/categories
Received Response from the Target: 200 /api/v1/outlets
Received Response from the Target: 200 /api/v1/categories
Received Response from the Target: 422 /api/v1/members?take=100000&skip=0
Sending Request to the Target: GET apicrm.apicrmatoz.online/api/v1/members?take=100000&skip=0
Sending Request to the Target: GET apicrm.apicrmatoz.online/api/v1/outlets
Sending Request to the Target: GET apicrm.apicrmatoz.online/api/v1/categories
Received Response from the Target: 422 /api/v1/members?take=100000&skip=0
Received Response from the Target: 200 /api/v1/outlets
Received Response from the Target: 200 /api/v1/categories
Sending Request to the Target: GET apicrm.apicrmatoz.online/api/v1/members?take=100000&skip=0
Sending Request to the Target: GET apicrm.apicrmatoz.online/api/v1/outlets
Sending Request to the Target: GET apicrm.apicrmatoz.online/api/v1/categories
Received Response from the Target: 200 /api/v1/outlets
Received Response from the Target: 200 /api/v1/categories
Received Response from the Target: 422 /api/v1/members?take=100000&skip=0
Sending Request to the Target: GET apicrm.apicrmatoz.online/api/v1/members?take=100000&skip=0
Sending Request to the Target: GET apicrm.apicrmatoz.online/api/v1/outlets
Sending Request to the Target: GET apicrm.apicrmatoz.online/api/v1/categories
Received Response from the Target: 422 /api/v1/members?take=100000&skip=0
Received Response from the Target: 200 /api/v1/outlets
Received Response from the Target: 200 /api/v1/categories
Sending Request to the Target: GET apicrm.apicrmatoz.online/api/v1/members?take=100000&skip=0
Sending Request to the Target: GET apicrm.apicrmatoz.online/api/v1/outlets
Sending Request to the Target: GET apicrm.apicrmatoz.online/api/v1/categories
Received Response from the Target: 422 /api/v1/members?take=100000&skip=0
Received Response from the Target: 200 /api/v1/categories
Received Response from the Target: 200 /api/v1/outlets
Sending Request to the Target: GET apicrm.apicrmatoz.online/api/v1/members?category=BEV&take=100000&skip=0
Received Response from the Target: 422 /api/v1/members?category=BEV&take=100000&skip=0
Sending Request to the Target: GET apicrm.apicrmatoz.online/api/v1/members?take=100000&skip=0
Received Response from the Target: 422 /api/v1/members?take=100000&skip=0
Sending Request to the Target: GET apicrm.apicrmatoz.online/api/v1/members?take=100000&skip=0
Sending Request to the Target: GET apicrm.apicrmatoz.online/api/v1/outlets
Sending Request to the Target: GET apicrm.apicrmatoz.online/api/v1/categories
Received Response from the Target: 200 /api/v1/categories
Received Response from the Target: 422 /api/v1/members?take=100000&skip=0
Received Response from the Target: 200 /api/v1/outlets
Sending Request to the Target: GET apicrm.apicrmatoz.online/api/v1/members?take=100000&skip=0
Sending Request to the Target: GET apicrm.apicrmatoz.online/api/v1/outlets
Sending Request to the Target: GET apicrm.apicrmatoz.online/api/v1/categories
Received Response from the Target: 200 /api/v1/outlets
Received Response from the Target: 422 /api/v1/members?take=100000&skip=0
Received Response from the Target: 200 /api/v1/categories
Sending Request to the Target: GET apicrm.apicrmatoz.online/api/v1/members?take=100000&skip=0
Sending Request to the Target: GET apicrm.apicrmatoz.online/api/v1/outlets
Sending Request to the Target: GET apicrm.apicrmatoz.online/api/v1/categories
Received Response from the Target: 200 /api/v1/outlets
Received Response from the Target: 200 /api/v1/categories
Received Response from the Target: 422 /api/v1/members?take=100000&skip=0
Sending Request to the Target: GET apicrm.apicrmatoz.online/api/v1/members?take=100000&skip=0
Sending Request to the Target: GET apicrm.apicrmatoz.online/api/v1/outlets
Sending Request to the Target: GET apicrm.apicrmatoz.online/api/v1/categories
Received Response from the Target: 422 /api/v1/members?take=100000&skip=0
Received Response from the Target: 200 /api/v1/outlets
Received Response from the Target: 200 /api/v1/categories
Sending Request to the Target: GET apicrm.apicrmatoz.online/api/v1/members?take=100000&skip=0
Sending Request to the Target: GET apicrm.apicrmatoz.online/api/v1/outlets
Sending Request to the Target: GET apicrm.apicrmatoz.online/api/v1/categories
Received Response from the Target: 200 /api/v1/categories
Received Response from the Target: 200 /api/v1/outlets
Received Response from the Target: 422 /api/v1/members?take=100000&skip=0
Sending Request to the Target: GET apicrm.apicrmatoz.online/api/v1/members?take=100000&skip=0
Sending Request to the Target: GET apicrm.apicrmatoz.online/api/v1/outlets
Sending Request to the Target: GET apicrm.apicrmatoz.online/api/v1/categories
Received Response from the Target: 200 /api/v1/outlets
Received Response from the Target: 200 /api/v1/categories
Received Response from the Target: 422 /api/v1/members?take=100000&skip=0
Sending Request to the Target: GET apicrm.apicrmatoz.online/api/v1/members?take=100000&skip=0
Sending Request to the Target: GET apicrm.apicrmatoz.online/api/v1/outlets
Sending Request to the Target: GET apicrm.apicrmatoz.online/api/v1/categories
Received Response from the Target: 422 /api/v1/members?take=100000&skip=0
Received Response from the Target: 200 /api/v1/outlets
Received Response from the Target: 200 /api/v1/categories
Sending Request to the Target: GET apicrm.apicrmatoz.online/api/v1/members?take=100000&skip=0
Sending Request to the Target: GET apicrm.apicrmatoz.online/api/v1/outlets
Sending Request to the Target: GET apicrm.apicrmatoz.online/api/v1/categories
Received Response from the Target: 200 /api/v1/outlets
Received Response from the Target: 422 /api/v1/members?take=100000&skip=0
Received Response from the Target: 200 /api/v1/categories
Sending Request to the Target: GET apicrm.apicrmatoz.online/api/v1/members?take=100000&skip=0
Sending Request to the Target: GET apicrm.apicrmatoz.online/api/v1/outlets
Sending Request to the Target: GET apicrm.apicrmatoz.online/api/v1/categories
Received Response from the Target: 200 /api/v1/outlets
Received Response from the Target: 200 /api/v1/categories
Received Response from the Target: 422 /api/v1/members?take=100000&skip=0
Sending Request to the Target: GET apicrm.apicrmatoz.online/api/v1/members?take=100000&skip=0
Sending Request to the Target: GET apicrm.apicrmatoz.online/api/v1/outlets
Sending Request to the Target: GET apicrm.apicrmatoz.online/api/v1/categories
Received Response from the Target: 200 /api/v1/outlets
Received Response from the Target: 422 /api/v1/members?take=100000&skip=0
Received Response from the Target: 200 /api/v1/categories
Sending Request to the Target: GET apicrm.apicrmatoz.online/api/v1/members?take=100000&skip=0
Received Response from the Target: 401 /api/v1/members?take=100000&skip=0
5:24:17 PM [vite] (client) hmr update /src/pages/crm/index.tsx, /src/index.css
Sending Request to the Target: GET apicrm.apicrmatoz.online/api/v1/members?take=10&skip=0
Received Response from the Target: 200 /api/v1/members?take=10&skip=0
5:24:29 PM [vite] (client) hmr update /src/index.css, /src/pages/crm/detail.tsx, /src/pages/crm/index.tsx
Sending Request to the Target: GET apicrm.apicrmatoz.online/api/v1/members?take=10&skip=0
Received Response from the Target: 200 /api/v1/members?take=10&skip=0
5:24:40 PM [vite] (client) hmr update /src/pages/crm/index.tsx, /src/index.css
Sending Request to the Target: GET apicrm.apicrmatoz.online/api/v1/members?take=10&skip=0
Received Response from the Target: 200 /api/v1/members?take=10&skip=0
Sending Request to the Target: GET apicrm.apicrmatoz.online/api/v1/members?take=50&skip=0
Received Response from the Target: 200 /api/v1/members?take=50&skip=0
Sending Request to the Target: GET apicrm.apicrmatoz.online/api/v1/members?category=ALKOHOL&take=50&skip=0
Received Response from the Target: 200 /api/v1/members?category=ALKOHOL&take=50&skip=0
Sending Request to the Target: GET apicrm.apicrmatoz.online/api/v1/members?take=1
Received Response from the Target: 401 /api/v1/members?take=1
5:31:01 PM [vite] (client) hmr update /src/pages/crm/index.tsx, /src/index.css
Sending Request to the Target: GET apicrm.apicrmatoz.online/api/v1/members?take=10&skip=0
Received Response from the Target: 200 /api/v1/members?take=10&skip=0
5:31:14 PM [vite] (client) hmr update /src/pages/crm/index.tsx, /src/index.css
Sending Request to the Target: GET apicrm.apicrmatoz.online/api/v1/members?take=10&skip=0
Received Response from the Target: 200 /api/v1/members?take=10&skip=0
Sending Request to the Target: GET apicrm.apicrmatoz.online/api/v1/members?take=10&skip=0
Sending Request to the Target: GET apicrm.apicrmatoz.online/api/v1/outlets
Sending Request to the Target: GET apicrm.apicrmatoz.online/api/v1/categories
Received Response from the Target: 200 /api/v1/members?take=10&skip=0
Received Response from the Target: 200 /api/v1/categories
Received Response from the Target: 200 /api/v1/outlets
Sending Request to the Target: GET apicrm.apicrmatoz.online/api/v1/members?take=50&skip=0
Received Response from the Target: 200 /api/v1/members?take=50&skip=0
Sending Request to the Target: GET apicrm.apicrmatoz.online/api/v1/members?take=10&skip=0
Sending Request to the Target: GET apicrm.apicrmatoz.online/api/v1/outlets
Sending Request to the Target: GET apicrm.apicrmatoz.online/api/v1/categories
Received Response from the Target: 200 /api/v1/categories
Received Response from the Target: 200 /api/v1/members?take=10&skip=0
Received Response from the Target: 200 /api/v1/outlets
Sending Request to the Target: GET apicrm.apicrmatoz.online/api/v1/members?take=10&skip=0
Received Response from the Target: 200 /api/v1/members?take=10&skip=0
Sending Request to the Target: GET apicrm.apicrmatoz.online/api/v1/members?take=10&skip=0
Received Response from the Target: 200 /api/v1/members?take=10&skip=0
Sending Request to the Target: POST apicrm.apicrmatoz.online/api/v1/members
Received Response from the Target: 422 /api/v1/members
Sending Request to the Target: POST apicrm.apicrmatoz.online/api/v1/members
Received Response from the Target: 422 /api/v1/members
5:36:00 PM [vite] (client) hmr update /src/index.css, /src/pages/crm/detail.tsx, /src/pages/crm/index.tsx
Sending Request to the Target: GET apicrm.apicrmatoz.online/api/v1/members?take=10&skip=0
Received Response from the Target: 200 /api/v1/members?take=10&skip=0
Sending Request to the Target: POST apicrm.apicrmatoz.online/api/v1/members
Received Response from the Target: 500 /api/v1/members
Sending Request to the Target: POST apicrm.apicrmatoz.online/api/v1/members
Received Response from the Target: 500 /api/v1/members
Sending Request to the Target: GET apicrm.apicrmatoz.online/api/v1/members?take=10&skip=0
Sending Request to the Target: GET apicrm.apicrmatoz.online/api/v1/outlets
Sending Request to the Target: GET apicrm.apicrmatoz.online/api/v1/categories
Received Response from the Target: 200 /api/v1/categories
Received Response from the Target: 200 /api/v1/members?take=10&skip=0
Received Response from the Target: 200 /api/v1/outlets
Sending Request to the Target: GET apicrm.apicrmatoz.online/api/v1/members?take=50&skip=0
Received Response from the Target: 200 /api/v1/members?take=50&skip=0
Sending Request to the Target: GET apicrm.apicrmatoz.online/api/v1/members?category=BEV&take=50&skip=0
Received Response from the Target: 200 /api/v1/members?category=BEV&take=50&skip=0
Sending Request to the Target: GET apicrm.apicrmatoz.online/api/v1/members?category=FOOD&take=50&skip=0
Received Response from the Target: 200 /api/v1/members?category=FOOD&take=50&skip=0
Sending Request to the Target: GET apicrm.apicrmatoz.online/api/v1/members?category=FOOD&take=50&skip=0
Received Response from the Target: 200 /api/v1/members?category=FOOD&take=50&skip=0
Sending Request to the Target: GET apicrm.apicrmatoz.online/api/v1/members?take=10&skip=0
Sending Request to the Target: GET apicrm.apicrmatoz.online/api/v1/outlets
Sending Request to the Target: GET apicrm.apicrmatoz.online/api/v1/categories
Received Response from the Target: 200 /api/v1/categories
Received Response from the Target: 200 /api/v1/outlets
Received Response from the Target: 200 /api/v1/members?take=10&skip=0
6:26:16 PM [vite] (client) hmr update /src/index.css, /src/pages/crm/detail.tsx, /src/pages/crm/index.tsx
Sending Request to the Target: GET apicrm.apicrmatoz.online/api/v1/members?take=10&skip=0
Received Response from the Target: 200 /api/v1/members?take=10&skip=0
Sending Request to the Target: GET apicrm.apicrmatoz.online/api/v1/members?take=10&skip=0
Sending Request to the Target: GET apicrm.apicrmatoz.online/api/v1/outlets
Sending Request to the Target: GET apicrm.apicrmatoz.online/api/v1/categories
Received Response from the Target: 200 /api/v1/categories
Received Response from the Target: 200 /api/v1/outlets
Received Response from the Target: 200 /api/v1/members?take=10&skip=0
Sending Request to the Target: GET apicrm.apicrmatoz.online/api/v1/members?take=50&skip=0
Received Response from the Target: 200 /api/v1/members?take=50&skip=0
6:30:05 PM [vite] (client) hmr update /src/index.css, /src/pages/crm/detail.tsx, /src/pages/crm/index.tsx
Sending Request to the Target: GET apicrm.apicrmatoz.online/api/v1/members?take=50&skip=0
Received Response from the Target: 200 /api/v1/members?take=50&skip=0
Sending Request to the Target: GET apicrm.apicrmatoz.online/api/v1/members?take=1&skip=7500
Received Response from the Target: 200 /api/v1/members?take=1&skip=7500
6:30:43 PM [vite] (client) hmr update /src/index.css, /src/pages/crm/detail.tsx, /src/pages/crm/index.tsx
Sending Request to the Target: GET apicrm.apicrmatoz.online/api/v1/members?take=50&skip=0
Received Response from the Target: 200 /api/v1/members?take=50&skip=0
6:30:56 PM [vite] (client) hmr update /src/pages/crm/index.tsx, /src/index.css
Sending Request to the Target: GET apicrm.apicrmatoz.online/api/v1/members?take=10&skip=0
Received Response from the Target: 200 /api/v1/members?take=10&skip=0
6:31:14 PM [vite] (client) hmr update /src/pages/crm/index.tsx, /src/index.css
Sending Request to the Target: GET apicrm.apicrmatoz.online/api/v1/members?take=10&skip=0
Received Response from the Target: 200 /api/v1/members?take=10&skip=0
Sending Request to the Target: GET apicrm.apicrmatoz.online/api/v1/members?take=10&skip=10
Received Response from the Target: 200 /api/v1/members?take=10&skip=10
Sending Request to the Target: GET apicrm.apicrmatoz.online/api/v1/members?take=10&skip=20
Received Response from the Target: 200 /api/v1/members?take=10&skip=20
Sending Request to the Target: GET apicrm.apicrmatoz.online/api/v1/members?take=10&skip=30
Received Response from the Target: 200 /api/v1/members?take=10&skip=30
Sending Request to the Target: GET apicrm.apicrmatoz.online/api/v1/members?take=10&skip=6490
Received Response from the Target: 200 /api/v1/members?take=10&skip=6490
Sending Request to the Target: GET apicrm.apicrmatoz.online/api/v1/members?take=10&skip=6480
Received Response from the Target: 200 /api/v1/members?take=10&skip=6480
Sending Request to the Target: GET apicrm.apicrmatoz.online/api/v1/members?take=10&skip=6470
Received Response from the Target: 200 /api/v1/members?take=10&skip=6470
Sending Request to the Target: GET apicrm.apicrmatoz.online/api/v1/members?take=10&skip=6460
Received Response from the Target: 200 /api/v1/members?take=10&skip=6460
Sending Request to the Target: GET apicrm.apicrmatoz.online/api/v1/members?take=10&skip=6450
Received Response from the Target: 200 /api/v1/members?take=10&skip=6450
Sending Request to the Target: GET apicrm.apicrmatoz.online/api/v1/members?category=FOOD&take=10&skip=6450
Sending Request to the Target: GET apicrm.apicrmatoz.online/api/v1/members?category=FOOD&take=10&skip=0
Received Response from the Target: 200 /api/v1/members?category=FOOD&take=10&skip=0
Received Response from the Target: 200 /api/v1/members?category=FOOD&take=10&skip=6450
Sending Request to the Target: GET apicrm.apicrmatoz.online/api/v1/members?take=10&skip=0
Received Response from the Target: 200 /api/v1/members?take=10&skip=0
Sending Request to the Target: GET apicrm.apicrmatoz.online/api/v1/members?take=10&skip=10
Received Response from the Target: 200 /api/v1/members?take=10&skip=10
Sending Request to the Target: GET apicrm.apicrmatoz.online/api/v1/members?take=10&skip=20
Sending Request to the Target: GET apicrm.apicrmatoz.online/api/v1/members?take=10&skip=30
Sending Request to the Target: GET apicrm.apicrmatoz.online/api/v1/members?take=10&skip=40
Received Response from the Target: 200 /api/v1/members?take=10&skip=40
Received Response from the Target: 200 /api/v1/members?take=10&skip=30
Received Response from the Target: 200 /api/v1/members?take=10&skip=20
Sending Request to the Target: GET apicrm.apicrmatoz.online/api/v1/members?take=10&skip=50
Received Response from the Target: 200 /api/v1/members?take=10&skip=50
Sending Request to the Target: GET apicrm.apicrmatoz.online/api/v1/members?take=10&skip=60
Received Response from the Target: 200 /api/v1/members?take=10&skip=60
Sending Request to the Target: GET apicrm.apicrmatoz.online/api/v1/members?take=10&skip=70
Received Response from the Target: 200 /api/v1/members?take=10&skip=70
Sending Request to the Target: GET apicrm.apicrmatoz.online/api/v1/members?take=10&skip=80
Received Response from the Target: 200 /api/v1/members?take=10&skip=80
Sending Request to the Target: GET apicrm.apicrmatoz.online/api/v1/members?take=10&skip=90
Received Response from the Target: 200 /api/v1/members?take=10&skip=90
Sending Request to the Target: GET apicrm.apicrmatoz.online/api/v1/members?search=o&take=10&skip=90
Sending Request to the Target: GET apicrm.apicrmatoz.online/api/v1/members?search=o&take=10&skip=0
Sending Request to the Target: GET apicrm.apicrmatoz.online/api/v1/members?search=ot&take=10&skip=0
Sending Request to the Target: GET apicrm.apicrmatoz.online/api/v1/members?search=otn&take=10&skip=0
Received Response from the Target: 200 /api/v1/members?search=o&take=10&skip=90
Sending Request to the Target: GET apicrm.apicrmatoz.online/api/v1/members?search=otni&take=10&skip=0
Sending Request to the Target: GET apicrm.apicrmatoz.online/api/v1/members?search=otnie&take=10&skip=0
Sending Request to the Target: GET apicrm.apicrmatoz.online/api/v1/members?search=otniel&take=10&skip=0
Received Response from the Target: 200 /api/v1/members?search=ot&take=10&skip=0
Received Response from the Target: 200 /api/v1/members?search=otn&take=10&skip=0
Received Response from the Target: 200 /api/v1/members?search=o&take=10&skip=0
Received Response from the Target: 200 /api/v1/members?search=otni&take=10&skip=0
Received Response from the Target: 200 /api/v1/members?search=otnie&take=10&skip=0
Received Response from the Target: 200 /api/v1/members?search=otniel&take=10&skip=0
Sending Request to the Target: GET apicrm.apicrmatoz.online/api/v1/members?search=otnie&take=10&skip=0
Sending Request to the Target: GET apicrm.apicrmatoz.online/api/v1/members?search=otni&take=10&skip=0
Received Response from the Target: 200 /api/v1/members?search=otnie&take=10&skip=0
Sending Request to the Target: GET apicrm.apicrmatoz.online/api/v1/members?search=otn&take=10&skip=0
Sending Request to the Target: GET apicrm.apicrmatoz.online/api/v1/members?search=ot&take=10&skip=0
Received Response from the Target: 200 /api/v1/members?search=otni&take=10&skip=0
Sending Request to the Target: GET apicrm.apicrmatoz.online/api/v1/members?search=o&take=10&skip=0
Received Response from the Target: 200 /api/v1/members?search=otn&take=10&skip=0
Received Response from the Target: 200 /api/v1/members?search=ot&take=10&skip=0
Received Response from the Target: 200 /api/v1/members?search=o&take=10&skip=0
Sending Request to the Target: GET apicrm.apicrmatoz.online/api/v1/members?take=10&skip=0
Received Response from the Target: 200 /api/v1/members?take=10&skip=0
Sending Request to the Target: GET apicrm.apicrmatoz.online/api/v1/members?search=f&take=10&skip=0
Received Response from the Target: 200 /api/v1/members?search=f&take=10&skip=0
Sending Request to the Target: GET apicrm.apicrmatoz.online/api/v1/members?take=10&skip=0
Received Response from the Target: 200 /api/v1/members?take=10&skip=0
Sending Request to the Target: GET apicrm.apicrmatoz.online/api/v1/members?take=10&skip=10
Received Response from the Target: 200 /api/v1/members?take=10&skip=10
Sending Request to the Target: GET apicrm.apicrmatoz.online/api/v1/members?take=10&skip=20
Received Response from the Target: 200 /api/v1/members?take=10&skip=20
Sending Request to the Target: GET apicrm.apicrmatoz.online/api/v1/members?take=10&skip=30
Sending Request to the Target: GET apicrm.apicrmatoz.online/api/v1/members?take=10&skip=40
Sending Request to the Target: GET apicrm.apicrmatoz.online/api/v1/members?take=10&skip=50
Received Response from the Target: 200 /api/v1/members?take=10&skip=30
Sending Request to the Target: GET apicrm.apicrmatoz.online/api/v1/members?take=10&skip=60
Sending Request to the Target: GET apicrm.apicrmatoz.online/api/v1/members?take=10&skip=70
Received Response from the Target: 200 /api/v1/members?take=10&skip=40
Sending Request to the Target: GET apicrm.apicrmatoz.online/api/v1/members?take=10&skip=80
Sending Request to the Target: GET apicrm.apicrmatoz.online/api/v1/members?take=10&skip=90
Received Response from the Target: 200 /api/v1/members?take=10&skip=50
Sending Request to the Target: GET apicrm.apicrmatoz.online/api/v1/members?take=10&skip=100
Received Response from the Target: 200 /api/v1/members?take=10&skip=70
Received Response from the Target: 200 /api/v1/members?take=10&skip=80
Received Response from the Target: 200 /api/v1/members?take=10&skip=90
Received Response from the Target: 200 /api/v1/members?take=10&skip=60
Received Response from the Target: 200 /api/v1/members?take=10&skip=100
Sending Request to the Target: GET apicrm.apicrmatoz.online/api/v1/members?take=10&skip=110
Received Response from the Target: 200 /api/v1/members?take=10&skip=110
Sending Request to the Target: GET apicrm.apicrmatoz.online/api/v1/members?take=10&skip=120
Received Response from the Target: 200 /api/v1/members?take=10&skip=120
Sending Request to the Target: GET apicrm.apicrmatoz.online/api/v1/members?take=10&skip=130
Received Response from the Target: 200 /api/v1/members?take=10&skip=130
Sending Request to the Target: GET apicrm.apicrmatoz.online/api/v1/members?take=10&skip=0
Received Response from the Target: 200 /api/v1/members?take=10&skip=0
Sending Request to the Target: GET apicrm.apicrmatoz.online/api/v1/members?take=10&skip=0
Received Response from the Target: 200 /api/v1/members?take=10&skip=0
Sending Request to the Target: GET apicrm.apicrmatoz.online/api/v1/members/00221
Received Response from the Target: 200 /api/v1/members/00221
Sending Request to the Target: GET apicrm.apicrmatoz.online/api/v1/members?take=10&skip=0
Received Response from the Target: 200 /api/v1/members?take=10&skip=0
6:37:54 PM [vite] (client) hmr update /src/index.css, /src/pages/crm/components/CustomerTable.tsx
6:39:05 PM [vite] (client) hmr update /src/pages/crm/index.tsx, /src/index.css
6:39:39 PM [vite] (client) hmr update /src/pages/crm/index.tsx, /src/index.css
6:40:02 PM [vite] (client) ✨ new dependencies optimized: @radix-ui/react-checkbox
6:40:02 PM [vite] (client) ✨ optimized dependencies changed. reloading
[RUNTIME_ERROR]{"type":"runtime-error","timestamp":1780919051946,"name":"Error","message":"undefined is not an object (evaluating 'selectedIds.has')","stack":""}
[RUNTIME_ERROR]{"type":"runtime-error","timestamp":1780919052063,"name":"Error","message":"null is not an object (evaluating 'dispatcher.useContext')","stack":""}
Sending Request to the Target: GET apicrm.apicrmatoz.online/api/v1/members?take=10&skip=0
Sending Request to the Target: GET apicrm.apicrmatoz.online/api/v1/outlets
Sending Request to the Target: GET apicrm.apicrmatoz.online/api/v1/categories
Received Response from the Target: 200 /api/v1/categories
Received Response from the Target: 200 /api/v1/members?take=10&skip=0
Sending Request to the Target: GET apicrm.apicrmatoz.online/api/v1/members?take=1&skip=7505
Received Response from the Target: 200 /api/v1/outlets
Received Response from the Target: 200 /api/v1/members?take=1&skip=7505
Sending Request to the Target: GET apicrm.apicrmatoz.online/api/v1/members?take=1&skip=3757
Received Response from the Target: 200 /api/v1/members?take=1&skip=3757
Sending Request to the Target: GET apicrm.apicrmatoz.online/api/v1/members?take=1&skip=5631
Received Response from the Target: 200 /api/v1/members?take=1&skip=5631
Sending Request to the Target: GET apicrm.apicrmatoz.online/api/v1/members?take=1&skip=6568
Received Response from the Target: 200 /api/v1/members?take=1&skip=6568
Sending Request to the Target: GET apicrm.apicrmatoz.online/api/v1/members?take=1&skip=6099
Sending Request to the Target: GET apicrm.apicrmatoz.online/api/v1/members?take=10&skip=0
Sending Request to the Target: GET apicrm.apicrmatoz.online/api/v1/outlets
Sending Request to the Target: GET apicrm.apicrmatoz.online/api/v1/categories
Received Response from the Target: 200 /api/v1/outlets
Received Response from the Target: 200 /api/v1/categories
Received Response from the Target: 200 /api/v1/members?take=10&skip=0
Sending Request to the Target: GET apicrm.apicrmatoz.online/api/v1/members?take=1&skip=7505
Received Response from the Target: 200 /api/v1/members?take=1&skip=7505
Sending Request to the Target: GET apicrm.apicrmatoz.online/api/v1/members?take=1&skip=3757
Received Response from the Target: 200 /api/v1/members?take=1&skip=3757
Sending Request to the Target: GET apicrm.apicrmatoz.online/api/v1/members?take=1&skip=5631
Received Response from the Target: 200 /api/v1/members?take=1&skip=5631
Sending Request to the Target: GET apicrm.apicrmatoz.online/api/v1/members?take=1&skip=6568
Received Response from the Target: 200 /api/v1/members?take=1&skip=6568
Sending Request to the Target: GET apicrm.apicrmatoz.online/api/v1/members?take=1&skip=6099
Received Response from the Target: 200 /api/v1/members?take=1&skip=6099
Sending Request to the Target: GET apicrm.apicrmatoz.online/api/v1/members?take=1&skip=6333
Received Response from the Target: 200 /api/v1/members?take=1&skip=6333
Sending Request to the Target: GET apicrm.apicrmatoz.online/api/v1/members?take=1&skip=6450
Received Response from the Target: 200 /api/v1/members?take=1&skip=6450
Sending Request to the Target: GET apicrm.apicrmatoz.online/api/v1/members?take=1&skip=6509
Received Response from the Target: 200 /api/v1/members?take=1&skip=6509
Sending Request to the Target: GET apicrm.apicrmatoz.online/api/v1/members?take=1&skip=6479
Received Response from the Target: 200 /api/v1/members?take=1&skip=6479
Sending Request to the Target: GET apicrm.apicrmatoz.online/api/v1/members?take=1&skip=6494
Received Response from the Target: 200 /api/v1/members?take=1&skip=6494
Sending Request to the Target: GET apicrm.apicrmatoz.online/api/v1/members?take=1&skip=6501
Received Response from the Target: 200 /api/v1/members?take=1&skip=6501
Sending Request to the Target: GET apicrm.apicrmatoz.online/api/v1/members?take=1&skip=6497
Received Response from the Target: 200 /api/v1/members?take=1&skip=6497
Sending Request to the Target: GET apicrm.apicrmatoz.online/api/v1/members?take=1&skip=6495
Received Response from the Target: 200 /api/v1/members?take=1&skip=6495
Sending Request to the Target: GET apicrm.apicrmatoz.online/api/v1/members?take=1&skip=6496
Received Response from the Target: 200 /api/v1/members?take=1&skip=6496
Sending Request to the Target: GET apicrm.apicrmatoz.online/api/v1/members?take=10&skip=0
Sending Request to the Target: GET apicrm.apicrmatoz.online/api/v1/members?take=1&skip=7505
Received Response from the Target: 200 /api/v1/members?take=10&skip=0
Received Response from the Target: 200 /api/v1/members?take=1&skip=7505
Sending Request to the Target: GET apicrm.apicrmatoz.online/api/v1/members?take=1&skip=3757
Received Response from the Target: 200 /api/v1/members?take=1&skip=3757
Sending Request to the Target: GET apicrm.apicrmatoz.online/api/v1/members?take=1&skip=5631
Received Response from the Target: 200 /api/v1/members?take=1&skip=5631
Sending Request to the Target: GET apicrm.apicrmatoz.online/api/v1/members?take=1&skip=6568
Received Response from the Target: 200 /api/v1/members?take=1&skip=6568
Sending Request to the Target: GET apicrm.apicrmatoz.online/api/v1/members?take=1&skip=6099
Received Response from the Target: 200 /api/v1/members?take=1&skip=6099
Sending Request to the Target: GET apicrm.apicrmatoz.online/api/v1/members?take=1&skip=6333
Received Response from the Target: 200 /api/v1/members?take=1&skip=6333
Sending Request to the Target: GET apicrm.apicrmatoz.online/api/v1/members?take=1&skip=6450
Received Response from the Target: 200 /api/v1/members?take=1&skip=6450
Sending Request to the Target: GET apicrm.apicrmatoz.online/api/v1/members?take=1&skip=6509
Received Response from the Target: 200 /api/v1/members?take=1&skip=6509
Sending Request to the Target: GET apicrm.apicrmatoz.online/api/v1/members?take=1&skip=6479
Received Response from the Target: 200 /api/v1/members?take=1&skip=6479
Sending Request to the Target: GET apicrm.apicrmatoz.online/api/v1/members?take=1&skip=6494
Received Response from the Target: 200 /api/v1/members?take=1&skip=6494
Sending Request to the Target: GET apicrm.apicrmatoz.online/api/v1/members?take=1&skip=6501
Received Response from the Target: 200 /api/v1/members?take=1&skip=6501
Sending Request to the Target: GET apicrm.apicrmatoz.online/api/v1/members?take=1&skip=6497
Received Response from the Target: 200 /api/v1/members?take=1&skip=6497
Sending Request to the Target: GET apicrm.apicrmatoz.online/api/v1/members?take=1&skip=6495
Received Response from the Target: 200 /api/v1/members?take=1&skip=6495
Sending Request to the Target: GET apicrm.apicrmatoz.online/api/v1/members?take=1&skip=6496
Received Response from the Target: 200 /api/v1/members?take=1&skip=6496
Sending Request to the Target: GET apicrm.apicrmatoz.online/api/v1/members?take=10&skip=0
Sending Request to the Target: GET apicrm.apicrmatoz.online/api/v1/members?take=1&skip=7505
Received Response from the Target: 200 /api/v1/members?take=10&skip=0
Received Response from the Target: 200 /api/v1/members?take=1&skip=7505
Sending Request to the Target: GET apicrm.apicrmatoz.online/api/v1/members?take=1&skip=3757
Received Response from the Target: 200 /api/v1/members?take=1&skip=3757
Sending Request to the Target: GET apicrm.apicrmatoz.online/api/v1/members?take=10&skip=0
proxy error Error: getaddrinfo ENOTFOUND apicrm.apicrmatoz.online
    at GetAddrInfoReqWrap.onlookupall [as oncomplete] (node:dns:121:26) {
  errno: -3008,
  code: 'ENOTFOUND',
  syscall: 'getaddrinfo',
  hostname: 'apicrm.apicrmatoz.online'
}
2:06:00 PM [vite] http proxy error: /api/v1/members?take=10&skip=0
Error: getaddrinfo ENOTFOUND apicrm.apicrmatoz.online
    at GetAddrInfoReqWrap.onlookupall [as oncomplete] (node:dns:121:26)
Sending Request to the Target: GET apicrm.apicrmatoz.online/api/v1/members?take=1&skip=5631
proxy error Error: getaddrinfo ENOTFOUND apicrm.apicrmatoz.online
    at GetAddrInfoReqWrap.onlookupall [as oncomplete] (node:dns:121:26) {
  errno: -3008,
  code: 'ENOTFOUND',
  syscall: 'getaddrinfo',
  hostname: 'apicrm.apicrmatoz.online'
}
2:06:00 PM [vite] http proxy error: /api/v1/members?take=1&skip=5631
Error: getaddrinfo ENOTFOUND apicrm.apicrmatoz.online
    at GetAddrInfoReqWrap.onlookupall [as oncomplete] (node:dns:121:26)
Sending Request to the Target: GET apicrm.apicrmatoz.online/api/v1/members?take=1&skip=5631
proxy error Error: getaddrinfo ENOTFOUND apicrm.apicrmatoz.online
    at GetAddrInfoReqWrap.onlookupall [as oncomplete] (node:dns:121:26) {
  errno: -3008,
  code: 'ENOTFOUND',
  syscall: 'getaddrinfo',
  hostname: 'apicrm.apicrmatoz.online'
}
2:06:01 PM [vite] http proxy error: /api/v1/members?take=1&skip=5631
Error: getaddrinfo ENOTFOUND apicrm.apicrmatoz.online
    at GetAddrInfoReqWrap.onlookupall [as oncomplete] (node:dns:121:26)
Sending Request to the Target: GET apicrm.apicrmatoz.online/api/v1/members?take=1&skip=5631
Sending Request to the Target: GET apicrm.apicrmatoz.online/api/v1/members?take=10&skip=0
Sending Request to the Target: GET apicrm.apicrmatoz.online/api/v1/members?take=10&skip=0
Sending Request to the Target: GET apicrm.apicrmatoz.online/api/v1/outlets
Sending Request to the Target: GET apicrm.apicrmatoz.online/api/v1/categories
Received Response from the Target: 200 /api/v1/categories
Received Response from the Target: 200 /api/v1/outlets
Received Response from the Target: 200 /api/v1/members?take=10&skip=0
Sending Request to the Target: GET apicrm.apicrmatoz.online/api/v1/members?take=1&skip=7505
Received Response from the Target: 200 /api/v1/members?take=1&skip=7505
Sending Request to the Target: GET apicrm.apicrmatoz.online/api/v1/members?take=1&skip=3757
Received Response from the Target: 200 /api/v1/members?take=1&skip=3757
Sending Request to the Target: GET apicrm.apicrmatoz.online/api/v1/members?take=1&skip=5631
Received Response from the Target: 200 /api/v1/members?take=1&skip=5631
Sending Request to the Target: GET apicrm.apicrmatoz.online/api/v1/members?take=1&skip=6568
Received Response from the Target: 200 /api/v1/members?take=1&skip=6568
Sending Request to the Target: GET apicrm.apicrmatoz.online/api/v1/members?take=1&skip=6099
Received Response from the Target: 200 /api/v1/members?take=1&skip=6099
Sending Request to the Target: GET apicrm.apicrmatoz.online/api/v1/members?take=1&skip=6333
Received Response from the Target: 200 /api/v1/members?take=1&skip=6333
Sending Request to the Target: GET apicrm.apicrmatoz.online/api/v1/members?take=1&skip=6450
Received Response from the Target: 200 /api/v1/members?take=1&skip=6450
Sending Request to the Target: GET apicrm.apicrmatoz.online/api/v1/members?take=1&skip=6509
Received Response from the Target: 200 /api/v1/members?take=1&skip=6509
Sending Request to the Target: GET apicrm.apicrmatoz.online/api/v1/members?take=10&skip=0
Sending Request to the Target: GET apicrm.apicrmatoz.online/api/v1/members?take=1&skip=6479
Received Response from the Target: 200 /api/v1/members?take=10&skip=0
Received Response from the Target: 200 /api/v1/members?take=1&skip=6479
Sending Request to the Target: GET apicrm.apicrmatoz.online/api/v1/members?take=1&skip=6494
Received Response from the Target: 200 /api/v1/members?take=1&skip=6494
Sending Request to the Target: GET apicrm.apicrmatoz.online/api/v1/members?take=1&skip=6501
Received Response from the Target: 200 /api/v1/members?take=1&skip=6501
Sending Request to the Target: GET apicrm.apicrmatoz.online/api/v1/members?take=1&skip=6497
Received Response from the Target: 200 /api/v1/members?take=1&skip=6497
Sending Request to the Target: GET apicrm.apicrmatoz.online/api/v1/members?take=1&skip=6499
Received Response from the Target: 200 /api/v1/members?take=1&skip=6499
Sending Request to the Target: GET apicrm.apicrmatoz.online/api/v1/members?take=1&skip=6500
Received Response from the Target: 200 /api/v1/members?take=1&skip=6500
Sending Request to the Target: GET apicrm.apicrmatoz.online/api/v1/members?take=10&skip=0
Received Response from the Target: 200 /api/v1/members?take=10&skip=0
3:42:18 PM [vite] (client) hmr update /src/index.css, /src/pages/crm/detail.tsx, /src/pages/crm/index.tsx
3:42:36 PM [vite] (client) hmr update /src/pages/crm/index.tsx, /src/index.css
3:48:24 PM [vite] (client) hmr update /src/index.css, /src/pages/crm/detail.tsx, /src/pages/crm/index.tsx
3:48:48 PM [vite] (client) hmr update /src/index.css, /src/pages/crm/components/CustomerTable.tsx
3:59:24 PM [vite] (client) hmr update /src/index.css, /src/pages/crm/detail.tsx, /src/pages/crm/index.tsx
3:59:38 PM [vite] (client) hmr update /src/index.css, /src/pages/crm/components/CustomerTable.tsx
3:59:50 PM [vite] (client) hmr update /src/index.css, /src/pages/crm/index.tsx
Sending Request to the Target: GET apicrm.apicrmatoz.online/api/v1/members?take=10&skip=0
Sending Request to the Target: GET apicrm.apicrmatoz.online/api/v1/members?take=1&skip=7505
Sending Request to the Target: GET apicrm.apicrmatoz.online/api/v1/members?take=1&skip=7505
Received Response from the Target: 200 /api/v1/members?take=1&skip=7505
Sending Request to the Target: GET apicrm.apicrmatoz.online/api/v1/members?take=1&skip=3757
Received Response from the Target: 200 /api/v1/members?take=10&skip=0
Received Response from the Target: 200 /api/v1/members?take=1&skip=7505
Sending Request to the Target: GET apicrm.apicrmatoz.online/api/v1/members?take=1&skip=3757
Received Response from the Target: 200 /api/v1/members?take=1&skip=3757
Sending Request to the Target: GET apicrm.apicrmatoz.online/api/v1/members?take=1&skip=5631
Sending Request to the Target: GET apicrm.apicrmatoz.online/api/v1/members?take=10&skip=0
Sending Request to the Target: GET apicrm.apicrmatoz.online/api/v1/outlets
Sending Request to the Target: GET apicrm.apicrmatoz.online/api/v1/categories
Received Response from the Target: 200 /api/v1/outlets
Received Response from the Target: 200 /api/v1/categories
Received Response from the Target: 200 /api/v1/members?take=10&skip=0
Sending Request to the Target: GET apicrm.apicrmatoz.online/api/v1/members?take=1&skip=7505
Received Response from the Target: 200 /api/v1/members?take=1&skip=7505
Sending Request to the Target: GET apicrm.apicrmatoz.online/api/v1/members?take=1&skip=3757
Received Response from the Target: 200 /api/v1/members?take=1&skip=3757
Sending Request to the Target: GET apicrm.apicrmatoz.online/api/v1/members?take=1&skip=5631
Received Response from the Target: 200 /api/v1/members?take=1&skip=5631
Sending Request to the Target: GET apicrm.apicrmatoz.online/api/v1/members?take=1&skip=6568
Received Response from the Target: 200 /api/v1/members?take=1&skip=6568
Sending Request to the Target: GET apicrm.apicrmatoz.online/api/v1/members?take=1&skip=6099
Received Response from the Target: 200 /api/v1/members?take=1&skip=6099
Sending Request to the Target: GET apicrm.apicrmatoz.online/api/v1/members?take=1&skip=6333
Received Response from the Target: 200 /api/v1/members?take=1&skip=6333
Sending Request to the Target: GET apicrm.apicrmatoz.online/api/v1/members?take=1&skip=6450
Received Response from the Target: 200 /api/v1/members?take=1&skip=6450
Sending Request to the Target: GET apicrm.apicrmatoz.online/api/v1/members?take=1&skip=6509
Received Response from the Target: 200 /api/v1/members?take=1&skip=6509
Sending Request to the Target: GET apicrm.apicrmatoz.online/api/v1/members?take=1&skip=6479
Received Response from the Target: 200 /api/v1/members?take=1&skip=6479
Sending Request to the Target: GET apicrm.apicrmatoz.online/api/v1/members?take=1&skip=6494
Received Response from the Target: 200 /api/v1/members?take=1&skip=6494
Sending Request to the Target: GET apicrm.apicrmatoz.online/api/v1/members?take=1&skip=6501
Received Response from the Target: 200 /api/v1/members?take=1&skip=6501
Sending Request to the Target: GET apicrm.apicrmatoz.online/api/v1/members?take=1&skip=6505
Received Response from the Target: 200 /api/v1/members?take=1&skip=6505
Sending Request to the Target: GET apicrm.apicrmatoz.online/api/v1/members?take=1&skip=6507
Received Response from the Target: 200 /api/v1/members?take=1&skip=6507
Sending Request to the Target: GET apicrm.apicrmatoz.online/api/v1/members?take=1&skip=6506
Received Response from the Target: 200 /api/v1/members?take=1&skip=6506
Sending Request to the Target: GET apicrm.apicrmatoz.online/api/v1/members?take=10&skip=0
Sending Request to the Target: GET apicrm.apicrmatoz.online/api/v1/outlets
Sending Request to the Target: GET apicrm.apicrmatoz.online/api/v1/categories
Received Response from the Target: 200 /api/v1/members?take=10&skip=0
Sending Request to the Target: GET apicrm.apicrmatoz.online/api/v1/members?take=1&skip=7505
Received Response from the Target: 200 /api/v1/categories
Received Response from the Target: 200 /api/v1/members?take=1&skip=7505
Sending Request to the Target: GET apicrm.apicrmatoz.online/api/v1/members?take=1&skip=3757
Received Response from the Target: 200 /api/v1/outlets
Received Response from the Target: 200 /api/v1/members?take=1&skip=3757
Sending Request to the Target: GET apicrm.apicrmatoz.online/api/v1/members?take=1&skip=5631
Received Response from the Target: 200 /api/v1/members?take=1&skip=5631
Sending Request to the Target: GET apicrm.apicrmatoz.online/api/v1/members?take=1&skip=6568
Received Response from the Target: 200 /api/v1/members?take=1&skip=6568
Sending Request to the Target: GET apicrm.apicrmatoz.online/api/v1/members?take=1&skip=6099
Received Response from the Target: 200 /api/v1/members?take=1&skip=6099
Sending Request to the Target: GET apicrm.apicrmatoz.online/api/v1/members?take=1&skip=6333
Received Response from the Target: 200 /api/v1/members?take=1&skip=6333
Sending Request to the Target: GET apicrm.apicrmatoz.online/api/v1/members?take=1&skip=6450
Received Response from the Target: 200 /api/v1/members?take=1&skip=6450
Sending Request to the Target: GET apicrm.apicrmatoz.online/api/v1/members?take=1&skip=6509
Received Response from the Target: 200 /api/v1/members?take=1&skip=6509
Sending Request to the Target: GET apicrm.apicrmatoz.online/api/v1/members?take=1&skip=6479
Received Response from the Target: 200 /api/v1/members?take=1&skip=6479
Sending Request to the Target: GET apicrm.apicrmatoz.online/api/v1/members?take=1&skip=6494
Received Response from the Target: 200 /api/v1/members?take=1&skip=6494
Sending Request to the Target: GET apicrm.apicrmatoz.online/api/v1/members?take=1&skip=6501
Sending Request to the Target: GET apicrm.apicrmatoz.online/api/v1/members?category=ALKOHOL&take=10&skip=0
Received Response from the Target: 200 /api/v1/members?category=ALKOHOL&take=10&skip=0
Sending Request to the Target: GET apicrm.apicrmatoz.online/api/v1/members?category=ALKOHOL&take=1&skip=7505
Received Response from the Target: 200 /api/v1/members?category=ALKOHOL&take=1&skip=7505
Sending Request to the Target: GET apicrm.apicrmatoz.online/api/v1/members?category=ALKOHOL&take=1&skip=3757
Received Response from the Target: 200 /api/v1/members?category=ALKOHOL&take=1&skip=3757
Sending Request to the Target: GET apicrm.apicrmatoz.online/api/v1/members?category=ALKOHOL&take=1&skip=5631
Received Response from the Target: 200 /api/v1/members?category=ALKOHOL&take=1&skip=5631
Sending Request to the Target: GET apicrm.apicrmatoz.online/api/v1/members?category=ALKOHOL&take=1&skip=6568
Sending Request to the Target: GET apicrm.apicrmatoz.online/api/v1/members?category=ALKOHOL&outlet_code=AS&outlet=AS&take=10&skip=0
Received Response from the Target: 200 /api/v1/members?category=ALKOHOL&take=1&skip=6568
Received Response from the Target: 200 /api/v1/members?category=ALKOHOL&outlet_code=AS&outlet=AS&take=10&skip=0
Sending Request to the Target: GET apicrm.apicrmatoz.online/api/v1/members?category=ALKOHOL&outlet_code=AS&outlet=AS&take=1&skip=7505
Sending Request to the Target: GET apicrm.apicrmatoz.online/api/v1/members?category=ALKOHOL&take=1&skip=6099
Received Response from the Target: 200 /api/v1/members?category=ALKOHOL&outlet_code=AS&outlet=AS&take=1&skip=7505
Received Response from the Target: 200 /api/v1/members?category=ALKOHOL&take=1&skip=6099
Sending Request to the Target: GET apicrm.apicrmatoz.online/api/v1/members?category=ALKOHOL&outlet_code=AS&outlet=AS&take=1&skip=3757
Sending Request to the Target: GET apicrm.apicrmatoz.online/api/v1/members?category=ALKOHOL&take=1&skip=6333
Received Response from the Target: 200 /api/v1/members?category=ALKOHOL&outlet_code=AS&outlet=AS&take=1&skip=3757
Received Response from the Target: 200 /api/v1/members?category=ALKOHOL&take=1&skip=6333
Sending Request to the Target: GET apicrm.apicrmatoz.online/api/v1/members?category=ALKOHOL&outlet_code=AS&outlet=AS&take=1&skip=5631
Sending Request to the Target: GET apicrm.apicrmatoz.online/api/v1/members?category=ALKOHOL&take=1&skip=6450
Received Response from the Target: 200 /api/v1/members?category=ALKOHOL&outlet_code=AS&outlet=AS&take=1&skip=5631
Sending Request to the Target: GET apicrm.apicrmatoz.online/api/v1/members?category=ALKOHOL&outlet_code=AS&outlet=AS&take=1&skip=6568
Sending Request to the Target: GET apicrm.apicrmatoz.online/api/v1/members?category=ALKOHOL&outlet_code=BS&outlet=BS&take=10&skip=0
Received Response from the Target: 200 /api/v1/members?category=ALKOHOL&outlet_code=AS&outlet=AS&take=1&skip=6568
Sending Request to the Target: GET apicrm.apicrmatoz.online/api/v1/members?category=ALKOHOL&outlet_code=AS&outlet=AS&take=1&skip=6099
Received Response from the Target: 200 /api/v1/members?category=ALKOHOL&outlet_code=BS&outlet=BS&take=10&skip=0
Sending Request to the Target: GET apicrm.apicrmatoz.online/api/v1/members?category=ALKOHOL&outlet_code=BS&outlet=BS&take=1&skip=7505
Received Response from the Target: 200 /api/v1/members?category=ALKOHOL&outlet_code=AS&outlet=AS&take=1&skip=6099
Sending Request to the Target: GET apicrm.apicrmatoz.online/api/v1/members?category=ALKOHOL&outlet_code=AS&outlet=AS&take=1&skip=6333
Received Response from the Target: 200 /api/v1/members?category=ALKOHOL&outlet_code=BS&outlet=BS&take=1&skip=7505
Sending Request to the Target: GET apicrm.apicrmatoz.online/api/v1/members?category=ALKOHOL&outlet_code=BS&outlet=BS&take=1&skip=3757
Received Response from the Target: 200 /api/v1/members?category=ALKOHOL&outlet_code=AS&outlet=AS&take=1&skip=6333
Received Response from the Target: 200 /api/v1/members?category=ALKOHOL&take=1&skip=6450
Sending Request to the Target: GET apicrm.apicrmatoz.online/api/v1/members?category=ALKOHOL&take=1&skip=6509
Sending Request to the Target: GET apicrm.apicrmatoz.online/api/v1/members?category=ALKOHOL&outlet_code=AS&outlet=AS&take=1&skip=6450
Received Response from the Target: 200 /api/v1/members?category=ALKOHOL&outlet_code=BS&outlet=BS&take=1&skip=3757
Received Response from the Target: 200 /api/v1/members?category=ALKOHOL&take=1&skip=6509
Sending Request to the Target: GET apicrm.apicrmatoz.online/api/v1/members?category=ALKOHOL&outlet_code=BS&outlet=BS&take=1&skip=5631
Sending Request to the Target: GET apicrm.apicrmatoz.online/api/v1/members?category=ALKOHOL&take=1&skip=6479
Received Response from the Target: 200 /api/v1/members?category=ALKOHOL&outlet_code=AS&outlet=AS&take=1&skip=6450
Sending Request to the Target: GET apicrm.apicrmatoz.online/api/v1/members?category=ALKOHOL&outlet_code=AS&outlet=AS&take=1&skip=6509
Received Response from the Target: 200 /api/v1/members?category=ALKOHOL&outlet_code=BS&outlet=BS&take=1&skip=5631
Sending Request to the Target: GET apicrm.apicrmatoz.online/api/v1/members?category=ALKOHOL&outlet_code=BS&outlet=BS&take=1&skip=6568
Received Response from the Target: 200 /api/v1/members?category=ALKOHOL&take=1&skip=6479
Sending Request to the Target: GET apicrm.apicrmatoz.online/api/v1/members?category=ALKOHOL&take=1&skip=6494
Received Response from the Target: 200 /api/v1/members?category=ALKOHOL&outlet_code=AS&outlet=AS&take=1&skip=6509
Sending Request to the Target: GET apicrm.apicrmatoz.online/api/v1/members?category=ALKOHOL&outlet_code=AS&outlet=AS&take=1&skip=6479
Received Response from the Target: 200 /api/v1/members?category=ALKOHOL&outlet_code=BS&outlet=BS&take=1&skip=6568
Received Response from the Target: 200 /api/v1/members?category=ALKOHOL&take=1&skip=6494
Sending Request to the Target: GET apicrm.apicrmatoz.online/api/v1/members?category=ALKOHOL&outlet_code=BS&outlet=BS&take=1&skip=6099
Sending Request to the Target: GET apicrm.apicrmatoz.online/api/v1/members?category=ALKOHOL&take=1&skip=6501
Received Response from the Target: 200 /api/v1/members?category=ALKOHOL&outlet_code=AS&outlet=AS&take=1&skip=6479
Sending Request to the Target: GET apicrm.apicrmatoz.online/api/v1/members?category=ALKOHOL&outlet_code=AS&outlet=AS&take=1&skip=6494
Received Response from the Target: 200 /api/v1/members?category=ALKOHOL&take=1&skip=6501
Sending Request to the Target: GET apicrm.apicrmatoz.online/api/v1/members?category=ALKOHOL&take=1&skip=6505
Received Response from the Target: 200 /api/v1/members?category=ALKOHOL&outlet_code=BS&outlet=BS&take=1&skip=6099
Sending Request to the Target: GET apicrm.apicrmatoz.online/api/v1/members?category=ALKOHOL&outlet_code=BS&outlet=BS&take=1&skip=6333
Received Response from the Target: 200 /api/v1/members?category=ALKOHOL&outlet_code=AS&outlet=AS&take=1&skip=6494
Sending Request to the Target: GET apicrm.apicrmatoz.online/api/v1/members?outlet_code=BS&outlet=BS&take=10&skip=0
Sending Request to the Target: GET apicrm.apicrmatoz.online/api/v1/members?category=ALKOHOL&outlet_code=AS&outlet=AS&take=1&skip=6501
Received Response from the Target: 200 /api/v1/members?category=ALKOHOL&take=1&skip=6505
Sending Request to the Target: GET apicrm.apicrmatoz.online/api/v1/members?category=ALKOHOL&take=1&skip=6507
Received Response from the Target: 200 /api/v1/members?category=ALKOHOL&outlet_code=BS&outlet=BS&take=1&skip=6333
Sending Request to the Target: GET apicrm.apicrmatoz.online/api/v1/members?category=ALKOHOL&outlet_code=BS&outlet=BS&take=1&skip=6450
Received Response from the Target: 200 /api/v1/members?outlet_code=BS&outlet=BS&take=10&skip=0
Sending Request to the Target: GET apicrm.apicrmatoz.online/api/v1/members?outlet_code=BS&outlet=BS&take=1&skip=7505
Received Response from the Target: 200 /api/v1/members?category=ALKOHOL&outlet_code=AS&outlet=AS&take=1&skip=6501
Sending Request to the Target: GET apicrm.apicrmatoz.online/api/v1/members?category=ALKOHOL&outlet_code=AS&outlet=AS&take=1&skip=6505
Sending Request to the Target: GET apicrm.apicrmatoz.online/api/v1/members?take=10&skip=0
Received Response from the Target: 200 /api/v1/members?category=ALKOHOL&take=1&skip=6507
Sending Request to the Target: GET apicrm.apicrmatoz.online/api/v1/members?category=ALKOHOL&take=1&skip=6506
Received Response from the Target: 200 /api/v1/members?category=ALKOHOL&outlet_code=BS&outlet=BS&take=1&skip=6450
Sending Request to the Target: GET apicrm.apicrmatoz.online/api/v1/members?category=ALKOHOL&outlet_code=BS&outlet=BS&take=1&skip=6509
Received Response from the Target: 200 /api/v1/members?outlet_code=BS&outlet=BS&take=1&skip=7505
Sending Request to the Target: GET apicrm.apicrmatoz.online/api/v1/members?outlet_code=BS&outlet=BS&take=1&skip=3757
Received Response from the Target: 200 /api/v1/members?category=ALKOHOL&outlet_code=AS&outlet=AS&take=1&skip=6505
Sending Request to the Target: GET apicrm.apicrmatoz.online/api/v1/members?category=ALKOHOL&outlet_code=AS&outlet=AS&take=1&skip=6507
Received Response from the Target: 200 /api/v1/members?take=10&skip=0
Received Response from the Target: 200 /api/v1/members?category=ALKOHOL&outlet_code=BS&outlet=BS&take=1&skip=6509
Received Response from the Target: 200 /api/v1/members?category=ALKOHOL&take=1&skip=6506
Sending Request to the Target: GET apicrm.apicrmatoz.online/api/v1/members?category=ALKOHOL&outlet_code=BS&outlet=BS&take=1&skip=6479
Received Response from the Target: 200 /api/v1/members?category=ALKOHOL&outlet_code=AS&outlet=AS&take=1&skip=6507
Received Response from the Target: 200 /api/v1/members?outlet_code=BS&outlet=BS&take=1&skip=3757
Received Response from the Target: 200 /api/v1/members?category=ALKOHOL&outlet_code=BS&outlet=BS&take=1&skip=6479
Sending Request to the Target: GET apicrm.apicrmatoz.online/api/v1/members?category=ALKOHOL&outlet_code=AS&outlet=AS&take=1&skip=6506
Sending Request to the Target: GET apicrm.apicrmatoz.online/api/v1/members?outlet_code=BS&outlet=BS&take=1&skip=5631
Sending Request to the Target: GET apicrm.apicrmatoz.online/api/v1/members?category=ALKOHOL&outlet_code=BS&outlet=BS&take=1&skip=6494
Received Response from the Target: 200 /api/v1/members?category=ALKOHOL&outlet_code=AS&outlet=AS&take=1&skip=6506
Received Response from the Target: 200 /api/v1/members?outlet_code=BS&outlet=BS&take=1&skip=5631
Received Response from the Target: 200 /api/v1/members?take=1&skip=6501
Received Response from the Target: 200 /api/v1/members?category=ALKOHOL&outlet_code=BS&outlet=BS&take=1&skip=6494
Sending Request to the Target: GET apicrm.apicrmatoz.online/api/v1/members?outlet_code=BS&outlet=BS&take=1&skip=6568
Sending Request to the Target: GET apicrm.apicrmatoz.online/api/v1/members?take=1&skip=6505
Sending Request to the Target: GET apicrm.apicrmatoz.online/api/v1/members?category=ALKOHOL&outlet_code=BS&outlet=BS&take=1&skip=6501
Received Response from the Target: 200 /api/v1/members?outlet_code=BS&outlet=BS&take=1&skip=6568
Sending Request to the Target: GET apicrm.apicrmatoz.online/api/v1/members?outlet_code=BS&outlet=BS&take=1&skip=6099
Received Response from the Target: 200 /api/v1/members?category=ALKOHOL&outlet_code=BS&outlet=BS&take=1&skip=6501
Received Response from the Target: 200 /api/v1/members?outlet_code=BS&outlet=BS&take=1&skip=6099
Sending Request to the Target: GET apicrm.apicrmatoz.online/api/v1/members?category=ALKOHOL&outlet_code=BS&outlet=BS&take=1&skip=6505
Sending Request to the Target: GET apicrm.apicrmatoz.online/api/v1/members?outlet_code=BS&outlet=BS&take=1&skip=6333
Received Response from the Target: 200 /api/v1/members?category=ALKOHOL&outlet_code=BS&outlet=BS&take=1&skip=6505
Received Response from the Target: 200 /api/v1/members?outlet_code=BS&outlet=BS&take=1&skip=6333
Sending Request to the Target: GET apicrm.apicrmatoz.online/api/v1/members?category=ALKOHOL&outlet_code=BS&outlet=BS&take=1&skip=6507
Sending Request to the Target: GET apicrm.apicrmatoz.online/api/v1/members?outlet_code=BS&outlet=BS&take=1&skip=6450
Received Response from the Target: 200 /api/v1/members?category=ALKOHOL&outlet_code=BS&outlet=BS&take=1&skip=6507
Sending Request to the Target: GET apicrm.apicrmatoz.online/api/v1/members?category=ALKOHOL&outlet_code=BS&outlet=BS&take=1&skip=6506
Received Response from the Target: 200 /api/v1/members?outlet_code=BS&outlet=BS&take=1&skip=6450
Sending Request to the Target: GET apicrm.apicrmatoz.online/api/v1/members?outlet_code=BS&outlet=BS&take=1&skip=6509
Received Response from the Target: 200 /api/v1/members?category=ALKOHOL&outlet_code=BS&outlet=BS&take=1&skip=6506
Received Response from the Target: 200 /api/v1/members?outlet_code=BS&outlet=BS&take=1&skip=6509
Sending Request to the Target: GET apicrm.apicrmatoz.online/api/v1/members?outlet_code=BS&outlet=BS&take=1&skip=6479
Received Response from the Target: 200 /api/v1/members?outlet_code=BS&outlet=BS&take=1&skip=6479
Sending Request to the Target: GET apicrm.apicrmatoz.online/api/v1/members?outlet_code=BS&outlet=BS&take=1&skip=6494
Received Response from the Target: 200 /api/v1/members?outlet_code=BS&outlet=BS&take=1&skip=6494
Sending Request to the Target: GET apicrm.apicrmatoz.online/api/v1/members?outlet_code=BS&outlet=BS&take=1&skip=6501
Received Response from the Target: 200 /api/v1/members?outlet_code=BS&outlet=BS&take=1&skip=6501
Sending Request to the Target: GET apicrm.apicrmatoz.online/api/v1/members?outlet_code=BS&outlet=BS&take=1&skip=6505
Received Response from the Target: 200 /api/v1/members?outlet_code=BS&outlet=BS&take=1&skip=6505
Sending Request to the Target: GET apicrm.apicrmatoz.online/api/v1/members?outlet_code=BS&outlet=BS&take=1&skip=6507
Received Response from the Target: 200 /api/v1/members?outlet_code=BS&outlet=BS&take=1&skip=6507
Sending Request to the Target: GET apicrm.apicrmatoz.online/api/v1/members?outlet_code=BS&outlet=BS&take=1&skip=6506
Received Response from the Target: 200 /api/v1/members?outlet_code=BS&outlet=BS&take=1&skip=6506
Received Response from the Target: 200 /api/v1/members?take=1&skip=6505
Sending Request to the Target: GET apicrm.apicrmatoz.online/api/v1/members?take=1&skip=6507
Received Response from the Target: 200 /api/v1/members?take=1&skip=6507
Sending Request to the Target: GET apicrm.apicrmatoz.online/api/v1/members?take=1&skip=6506
Received Response from the Target: 200 /api/v1/members?take=1&skip=6506
Sending Request to the Target: GET apicrm.apicrmatoz.online/api/v1/members?take=10&skip=0
Sending Request to the Target: GET apicrm.apicrmatoz.online/api/v1/members?take=1&skip=7505
Sending Request to the Target: GET apicrm.apicrmatoz.online/api/v1/members?take=10&skip=0
Sending Request to the Target: GET apicrm.apicrmatoz.online/api/v1/outlets
Sending Request to the Target: GET apicrm.apicrmatoz.online/api/v1/categories
Sending Request to the Target: GET apicrm.apicrmatoz.online/api/v1/members?take=10&skip=0
Sending Request to the Target: GET apicrm.apicrmatoz.online/api/v1/outlets
Sending Request to the Target: GET apicrm.apicrmatoz.online/api/v1/categories
Sending Request to the Target: GET apicrm.apicrmatoz.online/api/v1/members?take=10&skip=0
Sending Request to the Target: GET apicrm.apicrmatoz.online/api/v1/outlets
Sending Request to the Target: GET apicrm.apicrmatoz.online/api/v1/categories
Received Response from the Target: 200 /api/v1/members?take=10&skip=0
Sending Request to the Target: GET apicrm.apicrmatoz.online/api/v1/members?take=1&skip=7505
Received Response from the Target: 200 /api/v1/categories
Received Response from the Target: 200 /api/v1/outlets
Received Response from the Target: 200 /api/v1/members?take=1&skip=7505
Sending Request to the Target: GET apicrm.apicrmatoz.online/api/v1/members?take=1&skip=3757
Received Response from the Target: 200 /api/v1/members?take=1&skip=3757
Sending Request to the Target: GET apicrm.apicrmatoz.online/api/v1/members?take=1&skip=5631
Received Response from the Target: 200 /api/v1/members?take=1&skip=5631
Sending Request to the Target: GET apicrm.apicrmatoz.online/api/v1/members?take=1&skip=6568
Received Response from the Target: 200 /api/v1/members?take=1&skip=6568
Sending Request to the Target: GET apicrm.apicrmatoz.online/api/v1/members?take=1&skip=6099
Received Response from the Target: 200 /api/v1/members?take=1&skip=6099
Sending Request to the Target: GET apicrm.apicrmatoz.online/api/v1/members?take=1&skip=6333
Received Response from the Target: 200 /api/v1/members?take=1&skip=6333
Sending Request to the Target: GET apicrm.apicrmatoz.online/api/v1/members?take=1&skip=6450
Received Response from the Target: 200 /api/v1/members?take=1&skip=6450
Sending Request to the Target: GET apicrm.apicrmatoz.online/api/v1/members?take=1&skip=6509
Received Response from the Target: 200 /api/v1/members?take=1&skip=6509
Sending Request to the Target: GET apicrm.apicrmatoz.online/api/v1/members?take=1&skip=6479
Received Response from the Target: 200 /api/v1/members?take=1&skip=6479
Sending Request to the Target: GET apicrm.apicrmatoz.online/api/v1/members?take=1&skip=6494
Received Response from the Target: 200 /api/v1/members?take=1&skip=6494
Sending Request to the Target: GET apicrm.apicrmatoz.online/api/v1/members?take=1&skip=6501
Received Response from the Target: 200 /api/v1/members?take=1&skip=6501
Sending Request to the Target: GET apicrm.apicrmatoz.online/api/v1/members?take=1&skip=6505
Received Response from the Target: 200 /api/v1/members?take=1&skip=6505
Sending Request to the Target: GET apicrm.apicrmatoz.online/api/v1/members?take=1&skip=6507
Received Response from the Target: 200 /api/v1/members?take=1&skip=6507
Sending Request to the Target: GET apicrm.apicrmatoz.online/api/v1/members?take=1&skip=6506
Received Response from the Target: 200 /api/v1/members?take=1&skip=6506
Sending Request to the Target: GET apicrm.apicrmatoz.online/api/v1/members?take=10&skip=0
Sending Request to the Target: GET apicrm.apicrmatoz.online/api/v1/outlets
Sending Request to the Target: GET apicrm.apicrmatoz.online/api/v1/categories
Received Response from the Target: 524 /api/v1/outlets
Received Response from the Target: 524 /api/v1/categories
Sending Request to the Target: GET apicrm.apicrmatoz.online/api/v1/members?take=10&skip=0
Sending Request to the Target: GET apicrm.apicrmatoz.online/api/v1/outlets
Sending Request to the Target: GET apicrm.apicrmatoz.online/api/v1/categories
Received Response from the Target: 524 /api/v1/categories
Received Response from the Target: 524 /api/v1/outlets
Sending Request to the Target: GET apicrm.apicrmatoz.online/api/v1/members?take=10&skip=0
Sending Request to the Target: GET apicrm.apicrmatoz.online/api/v1/outlets
Sending Request to the Target: GET apicrm.apicrmatoz.online/api/v1/categories
Received Response from the Target: 524 /api/v1/outlets
Received Response from the Target: 524 /api/v1/members?take=10&skip=0
Received Response from the Target: 524 /api/v1/categories
Sending Request to the Target: GET apicrm.apicrmatoz.online/api/v1/members?take=10&skip=0
Sending Request to the Target: GET apicrm.apicrmatoz.online/api/v1/outlets
Sending Request to the Target: GET apicrm.apicrmatoz.online/api/v1/categories
Sending Request to the Target: GET apicrm.apicrmatoz.online/api/v1/members?take=10&skip=0
Sending Request to the Target: GET apicrm.apicrmatoz.online/api/v1/outlets
Sending Request to the Target: GET apicrm.apicrmatoz.online/api/v1/categories
Received Response from the Target: 524 /api/v1/outlets
Received Response from the Target: 524 /api/v1/members?take=10&skip=0
Received Response from the Target: 524 /api/v1/categories
Sending Request to the Target: GET apicrm.apicrmatoz.online/api/v1/members?take=10&skip=0
Sending Request to the Target: GET apicrm.apicrmatoz.online/api/v1/outlets
Sending Request to the Target: GET apicrm.apicrmatoz.online/api/v1/categories
Received Response from the Target: 524 /api/v1/categories
Received Response from the Target: 524 /api/v1/outlets
Received Response from the Target: 524 /api/v1/members?take=10&skip=0
Sending Request to the Target: GET apicrm.apicrmatoz.online/api/v1/members?take=10&skip=0
Sending Request to the Target: GET apicrm.apicrmatoz.online/api/v1/outlets
Sending Request to the Target: GET apicrm.apicrmatoz.online/api/v1/categories
Received Response from the Target: 200 /api/v1/members?take=10&skip=0
Sending Request to the Target: GET apicrm.apicrmatoz.online/api/v1/members?take=1&skip=7505
Received Response from the Target: 200 /api/v1/outlets
Received Response from the Target: 200 /api/v1/members?take=1&skip=7505
Sending Request to the Target: GET apicrm.apicrmatoz.online/api/v1/members?take=1&skip=3757
Received Response from the Target: 200 /api/v1/members?take=1&skip=3757
Sending Request to the Target: GET apicrm.apicrmatoz.online/api/v1/members?take=1&skip=5631
Received Response from the Target: 200 /api/v1/members?take=1&skip=5631
Sending Request to the Target: GET apicrm.apicrmatoz.online/api/v1/members?take=1&skip=6568
Received Response from the Target: 200 /api/v1/members?take=1&skip=6568
Sending Request to the Target: GET apicrm.apicrmatoz.online/api/v1/members?take=1&skip=6099
Received Response from the Target: 200 /api/v1/members?take=1&skip=6099
Sending Request to the Target: GET apicrm.apicrmatoz.online/api/v1/members?take=1&skip=6333
Received Response from the Target: 200 /api/v1/categories
Received Response from the Target: 200 /api/v1/members?take=1&skip=6333
Sending Request to the Target: GET apicrm.apicrmatoz.online/api/v1/members?take=1&skip=6450
Received Response from the Target: 200 /api/v1/members?take=1&skip=6450
Sending Request to the Target: GET apicrm.apicrmatoz.online/api/v1/members?take=1&skip=6509
Sending Request to the Target: GET apicrm.apicrmatoz.online/api/v1/members?take=10&skip=0
Sending Request to the Target: GET apicrm.apicrmatoz.online/api/v1/outlets
Sending Request to the Target: GET apicrm.apicrmatoz.online/api/v1/categories
Received Response from the Target: 200 /api/v1/members?take=10&skip=0
Received Response from the Target: 200 /api/v1/categories
Sending Request to the Target: GET apicrm.apicrmatoz.online/api/v1/members?take=1&skip=7505
Received Response from the Target: 200 /api/v1/outlets
Received Response from the Target: 200 /api/v1/members?take=1&skip=7505
Sending Request to the Target: GET apicrm.apicrmatoz.online/api/v1/members?take=1&skip=3757
Received Response from the Target: 200 /api/v1/members?take=1&skip=3757
Sending Request to the Target: GET apicrm.apicrmatoz.online/api/v1/members?take=1&skip=5631
Received Response from the Target: 200 /api/v1/members?take=1&skip=5631
Sending Request to the Target: GET apicrm.apicrmatoz.online/api/v1/members?take=1&skip=6568
Received Response from the Target: 200 /api/v1/members?take=1&skip=6568
Sending Request to the Target: GET apicrm.apicrmatoz.online/api/v1/members?take=1&skip=6099
Received Response from the Target: 200 /api/v1/members?take=1&skip=6099
Sending Request to the Target: GET apicrm.apicrmatoz.online/api/v1/members?take=1&skip=6333
Received Response from the Target: 200 /api/v1/members?take=1&skip=6333
Sending Request to the Target: GET apicrm.apicrmatoz.online/api/v1/members?take=1&skip=6450
Received Response from the Target: 200 /api/v1/members?take=1&skip=6450
Sending Request to the Target: GET apicrm.apicrmatoz.online/api/v1/members?take=1&skip=6509
Received Response from the Target: 200 /api/v1/members?take=1&skip=6509
Sending Request to the Target: GET apicrm.apicrmatoz.online/api/v1/members?take=1&skip=6479
Received Response from the Target: 200 /api/v1/members?take=1&skip=6479
Sending Request to the Target: GET apicrm.apicrmatoz.online/api/v1/members?take=1&skip=6494
Received Response from the Target: 200 /api/v1/members?take=1&skip=6494
Sending Request to the Target: GET apicrm.apicrmatoz.online/api/v1/members?take=1&skip=6501
Received Response from the Target: 200 /api/v1/members?take=1&skip=6501
Sending Request to the Target: GET apicrm.apicrmatoz.online/api/v1/members?take=1&skip=6505
Received Response from the Target: 200 /api/v1/members?take=1&skip=6505
Sending Request to the Target: GET apicrm.apicrmatoz.online/api/v1/members?take=1&skip=6507
Received Response from the Target: 200 /api/v1/members?take=1&skip=6507
Sending Request to the Target: GET apicrm.apicrmatoz.online/api/v1/members?take=1&skip=6506
Received Response from the Target: 200 /api/v1/members?take=1&skip=6506
Sending Request to the Target: GET apicrm.apicrmatoz.online/api/v1/members?take=10&skip=0
Sending Request to the Target: GET apicrm.apicrmatoz.online/api/v1/outlets
Sending Request to the Target: GET apicrm.apicrmatoz.online/api/v1/categories
Received Response from the Target: 200 /api/v1/outlets
Received Response from the Target: 200 /api/v1/members?take=10&skip=0
Sending Request to the Target: GET apicrm.apicrmatoz.online/api/v1/members?take=1&skip=7505
Received Response from the Target: 200 /api/v1/members?take=1&skip=7505
Sending Request to the Target: GET apicrm.apicrmatoz.online/api/v1/members?take=1&skip=3757
Received Response from the Target: 200 /api/v1/members?take=1&skip=3757
Sending Request to the Target: GET apicrm.apicrmatoz.online/api/v1/members?take=1&skip=5631
Received Response from the Target: 200 /api/v1/members?take=1&skip=5631
Sending Request to the Target: GET apicrm.apicrmatoz.online/api/v1/members?take=1&skip=6568
Received Response from the Target: 200 /api/v1/members?take=1&skip=6568
Sending Request to the Target: GET apicrm.apicrmatoz.online/api/v1/members?take=1&skip=6099
Received Response from the Target: 200 /api/v1/members?take=1&skip=6099
Sending Request to the Target: GET apicrm.apicrmatoz.online/api/v1/members?take=1&skip=6333
Received Response from the Target: 200 /api/v1/members?take=1&skip=6333
Sending Request to the Target: GET apicrm.apicrmatoz.online/api/v1/members?take=1&skip=6450
Received Response from the Target: 200 /api/v1/members?take=1&skip=6450
Sending Request to the Target: GET apicrm.apicrmatoz.online/api/v1/members?take=1&skip=6509
Received Response from the Target: 200 /api/v1/members?take=1&skip=6509
Sending Request to the Target: GET apicrm.apicrmatoz.online/api/v1/members?take=1&skip=6479
Received Response from the Target: 200 /api/v1/members?take=1&skip=6479
Sending Request to the Target: GET apicrm.apicrmatoz.online/api/v1/members?take=1&skip=6494
Received Response from the Target: 200 /api/v1/members?take=1&skip=6494
Sending Request to the Target: GET apicrm.apicrmatoz.online/api/v1/members?take=1&skip=6501
Received Response from the Target: 200 /api/v1/members?take=1&skip=6501
Sending Request to the Target: GET apicrm.apicrmatoz.online/api/v1/members?take=1&skip=6505
Received Response from the Target: 200 /api/v1/members?take=1&skip=6505
Sending Request to the Target: GET apicrm.apicrmatoz.online/api/v1/members?take=1&skip=6507
Received Response from the Target: 200 /api/v1/members?take=1&skip=6507
Sending Request to the Target: GET apicrm.apicrmatoz.online/api/v1/members?take=1&skip=6506
Received Response from the Target: 200 /api/v1/members?take=1&skip=6506
Received Response from the Target: 200 /api/v1/categories
The request id "/Users/dev/Documents/Restaurant-Showcase-Dashboard/artifacts/dashboard/.env" is outside of Vite serving allow list.

- /Users/dev/Documents/Restaurant-Showcase-Dashboard

Refer to docs https://vite.dev/config/server-options.html#server-fs-allow for configurations and more details.

The request id "/Users/dev/Documents/api-server/package.json" is outside of Vite serving allow list.
The request id "/Users/dev/Documents/Restaurant-Showcase-Dashboard/artifacts/dashboard/.env" is outside of Vite serving allow list.
Sending Request to the Target: GET apicrm.apicrmatoz.online/api/v1/members?take=10&skip=0
Sending Request to the Target: GET apicrm.apicrmatoz.online/api/v1/outlets
Sending Request to the Target: GET apicrm.apicrmatoz.online/api/v1/categories
Received Response from the Target: 200 /api/v1/categories
Received Response from the Target: 200 /api/v1/outlets
Received Response from the Target: 200 /api/v1/members?take=10&skip=0
Sending Request to the Target: GET apicrm.apicrmatoz.online/api/v1/members?take=1&skip=7505
Received Response from the Target: 200 /api/v1/members?take=1&skip=7505
Sending Request to the Target: GET apicrm.apicrmatoz.online/api/v1/members?take=1&skip=3757
Received Response from the Target: 200 /api/v1/members?take=1&skip=3757
Sending Request to the Target: GET apicrm.apicrmatoz.online/api/v1/members?take=1&skip=5631
Received Response from the Target: 200 /api/v1/members?take=1&skip=5631
Sending Request to the Target: GET apicrm.apicrmatoz.online/api/v1/members?take=1&skip=6568
Received Response from the Target: 200 /api/v1/members?take=1&skip=6568
Sending Request to the Target: GET apicrm.apicrmatoz.online/api/v1/members?take=1&skip=6099
Received Response from the Target: 200 /api/v1/members?take=1&skip=6099
Sending Request to the Target: GET apicrm.apicrmatoz.online/api/v1/members?take=1&skip=6333
Received Response from the Target: 200 /api/v1/members?take=1&skip=6333
Sending Request to the Target: GET apicrm.apicrmatoz.online/api/v1/members?take=1&skip=6450
Received Response from the Target: 200 /api/v1/members?take=1&skip=6450
Sending Request to the Target: GET apicrm.apicrmatoz.online/api/v1/members?take=1&skip=6509
Received Response from the Target: 200 /api/v1/members?take=1&skip=6509
Sending Request to the Target: GET apicrm.apicrmatoz.online/api/v1/members?take=1&skip=6479
Received Response from the Target: 200 /api/v1/members?take=1&skip=6479
Sending Request to the Target: GET apicrm.apicrmatoz.online/api/v1/members?take=1&skip=6494
Received Response from the Target: 200 /api/v1/members?take=1&skip=6494
Sending Request to the Target: GET apicrm.apicrmatoz.online/api/v1/members?take=1&skip=6501
Received Response from the Target: 200 /api/v1/members?take=1&skip=6501
Sending Request to the Target: GET apicrm.apicrmatoz.online/api/v1/members?take=1&skip=6505
Received Response from the Target: 200 /api/v1/members?take=1&skip=6505
Sending Request to the Target: GET apicrm.apicrmatoz.online/api/v1/members?take=1&skip=6507
Received Response from the Target: 200 /api/v1/members?take=1&skip=6507
Sending Request to the Target: GET apicrm.apicrmatoz.online/api/v1/members?take=1&skip=6506
Received Response from the Target: 200 /api/v1/members?take=1&skip=6506
Sending Request to the Target: GET apicrm.apicrmatoz.online/api/v1/members?take=10&skip=0
Sending Request to the Target: GET apicrm.apicrmatoz.online/api/v1/outlets
Sending Request to the Target: GET apicrm.apicrmatoz.online/api/v1/categories
Received Response from the Target: 200 /api/v1/members?take=10&skip=0
Sending Request to the Target: GET apicrm.apicrmatoz.online/api/v1/members?take=1&skip=7505
Received Response from the Target: 200 /api/v1/outlets
Received Response from the Target: 200 /api/v1/categories
Received Response from the Target: 200 /api/v1/members?take=1&skip=7505
Sending Request to the Target: GET apicrm.apicrmatoz.online/api/v1/members?take=1&skip=3757
